ARM GAS  /tmp/ccAeRvNs.s 			page 1


   1              		.cpu cortex-m4
   2              		.eabi_attribute 27, 1
   3              		.eabi_attribute 28, 1
   4              		.eabi_attribute 20, 1
   5              		.eabi_attribute 21, 1
   6              		.eabi_attribute 23, 3
   7              		.eabi_attribute 24, 1
   8              		.eabi_attribute 25, 1
   9              		.eabi_attribute 26, 1
  10              		.eabi_attribute 30, 1
  11              		.eabi_attribute 34, 1
  12              		.eabi_attribute 18, 4
  13              		.file	"gpio.c"
  14              		.text
  15              	.Ltext0:
  16              		.cfi_sections	.debug_frame
  17              		.section	.text.MX_GPIO_Init,"ax",%progbits
  18              		.align	1
  19              		.global	MX_GPIO_Init
  20              		.arch armv7e-m
  21              		.syntax unified
  22              		.thumb
  23              		.thumb_func
  24              		.fpu fpv4-sp-d16
  26              	MX_GPIO_Init:
  27              	.LFB130:
  28              		.file 1 "Core/Src/gpio.c"
   1:Core/Src/gpio.c **** /**
   2:Core/Src/gpio.c ****   ******************************************************************************
   3:Core/Src/gpio.c ****   * @file    gpio.c
   4:Core/Src/gpio.c ****   * @brief   This file provides code for the configuration
   5:Core/Src/gpio.c ****   *          of all used GPIO pins.
   6:Core/Src/gpio.c ****   ******************************************************************************
   7:Core/Src/gpio.c ****   * @attention
   8:Core/Src/gpio.c ****   *
   9:Core/Src/gpio.c ****   * <h2><center>&copy; Copyright (c) 2021 STMicroelectronics.
  10:Core/Src/gpio.c ****   * All rights reserved.</center></h2>
  11:Core/Src/gpio.c ****   *
  12:Core/Src/gpio.c ****   * This software component is licensed by ST under Ultimate Liberty license
  13:Core/Src/gpio.c ****   * SLA0044, the "License"; You may not use this file except in compliance with
  14:Core/Src/gpio.c ****   * the License. You may obtain a copy of the License at:
  15:Core/Src/gpio.c ****   *                             www.st.com/SLA0044
  16:Core/Src/gpio.c ****   *
  17:Core/Src/gpio.c ****   ******************************************************************************
  18:Core/Src/gpio.c ****   */
  19:Core/Src/gpio.c **** 
  20:Core/Src/gpio.c **** /* Includes ------------------------------------------------------------------*/
  21:Core/Src/gpio.c **** #include "gpio.h"
  22:Core/Src/gpio.c **** 
  23:Core/Src/gpio.c **** /* USER CODE BEGIN 0 */
  24:Core/Src/gpio.c **** 
  25:Core/Src/gpio.c **** /* USER CODE END 0 */
  26:Core/Src/gpio.c **** 
  27:Core/Src/gpio.c **** /*----------------------------------------------------------------------------*/
  28:Core/Src/gpio.c **** /* Configure GPIO                                                             */
  29:Core/Src/gpio.c **** /*----------------------------------------------------------------------------*/
  30:Core/Src/gpio.c **** /* USER CODE BEGIN 1 */
ARM GAS  /tmp/ccAeRvNs.s 			page 2


  31:Core/Src/gpio.c **** 
  32:Core/Src/gpio.c **** /* USER CODE END 1 */
  33:Core/Src/gpio.c **** 
  34:Core/Src/gpio.c **** /** Configure pins as
  35:Core/Src/gpio.c ****         * Analog
  36:Core/Src/gpio.c ****         * Input
  37:Core/Src/gpio.c ****         * Output
  38:Core/Src/gpio.c ****         * EVENT_OUT
  39:Core/Src/gpio.c ****         * EXTI
  40:Core/Src/gpio.c ****         * Free pins are configured automatically as Analog (this feature is enabled through
  41:Core/Src/gpio.c ****         * the Code Generation settings)
  42:Core/Src/gpio.c **** */
  43:Core/Src/gpio.c **** void MX_GPIO_Init(void)
  44:Core/Src/gpio.c **** {
  29              		.loc 1 44 1 view -0
  30              		.cfi_startproc
  31              		@ args = 0, pretend = 0, frame = 48
  32              		@ frame_needed = 0, uses_anonymous_args = 0
  33 0000 2DE9F043 		push	{r4, r5, r6, r7, r8, r9, lr}
  34              	.LCFI0:
  35              		.cfi_def_cfa_offset 28
  36              		.cfi_offset 4, -28
  37              		.cfi_offset 5, -24
  38              		.cfi_offset 6, -20
  39              		.cfi_offset 7, -16
  40              		.cfi_offset 8, -12
  41              		.cfi_offset 9, -8
  42              		.cfi_offset 14, -4
  43 0004 8DB0     		sub	sp, sp, #52
  44              	.LCFI1:
  45              		.cfi_def_cfa_offset 80
  45:Core/Src/gpio.c **** 
  46:Core/Src/gpio.c ****   GPIO_InitTypeDef GPIO_InitStruct = {0};
  46              		.loc 1 46 3 view .LVU1
  47              		.loc 1 46 20 is_stmt 0 view .LVU2
  48 0006 0024     		movs	r4, #0
  49 0008 0794     		str	r4, [sp, #28]
  50 000a 0894     		str	r4, [sp, #32]
  51 000c 0994     		str	r4, [sp, #36]
  52 000e 0A94     		str	r4, [sp, #40]
  53 0010 0B94     		str	r4, [sp, #44]
  47:Core/Src/gpio.c **** 
  48:Core/Src/gpio.c ****   /* GPIO Ports Clock Enable */
  49:Core/Src/gpio.c ****   __HAL_RCC_GPIOE_CLK_ENABLE();
  54              		.loc 1 49 3 is_stmt 1 view .LVU3
  55              	.LBB2:
  56              		.loc 1 49 3 view .LVU4
  57 0012 0194     		str	r4, [sp, #4]
  58              		.loc 1 49 3 view .LVU5
  59 0014 5D4B     		ldr	r3, .L3
  60 0016 1A6B     		ldr	r2, [r3, #48]
  61 0018 42F01002 		orr	r2, r2, #16
  62 001c 1A63     		str	r2, [r3, #48]
  63              		.loc 1 49 3 view .LVU6
  64 001e 1A6B     		ldr	r2, [r3, #48]
  65 0020 02F01002 		and	r2, r2, #16
  66 0024 0192     		str	r2, [sp, #4]
ARM GAS  /tmp/ccAeRvNs.s 			page 3


  67              		.loc 1 49 3 view .LVU7
  68 0026 019A     		ldr	r2, [sp, #4]
  69              	.LBE2:
  70              		.loc 1 49 3 view .LVU8
  50:Core/Src/gpio.c ****   __HAL_RCC_GPIOC_CLK_ENABLE();
  71              		.loc 1 50 3 view .LVU9
  72              	.LBB3:
  73              		.loc 1 50 3 view .LVU10
  74 0028 0294     		str	r4, [sp, #8]
  75              		.loc 1 50 3 view .LVU11
  76 002a 1A6B     		ldr	r2, [r3, #48]
  77 002c 42F00402 		orr	r2, r2, #4
  78 0030 1A63     		str	r2, [r3, #48]
  79              		.loc 1 50 3 view .LVU12
  80 0032 1A6B     		ldr	r2, [r3, #48]
  81 0034 02F00402 		and	r2, r2, #4
  82 0038 0292     		str	r2, [sp, #8]
  83              		.loc 1 50 3 view .LVU13
  84 003a 029A     		ldr	r2, [sp, #8]
  85              	.LBE3:
  86              		.loc 1 50 3 view .LVU14
  51:Core/Src/gpio.c ****   __HAL_RCC_GPIOH_CLK_ENABLE();
  87              		.loc 1 51 3 view .LVU15
  88              	.LBB4:
  89              		.loc 1 51 3 view .LVU16
  90 003c 0394     		str	r4, [sp, #12]
  91              		.loc 1 51 3 view .LVU17
  92 003e 1A6B     		ldr	r2, [r3, #48]
  93 0040 42F08002 		orr	r2, r2, #128
  94 0044 1A63     		str	r2, [r3, #48]
  95              		.loc 1 51 3 view .LVU18
  96 0046 1A6B     		ldr	r2, [r3, #48]
  97 0048 02F08002 		and	r2, r2, #128
  98 004c 0392     		str	r2, [sp, #12]
  99              		.loc 1 51 3 view .LVU19
 100 004e 039A     		ldr	r2, [sp, #12]
 101              	.LBE4:
 102              		.loc 1 51 3 view .LVU20
  52:Core/Src/gpio.c ****   __HAL_RCC_GPIOA_CLK_ENABLE();
 103              		.loc 1 52 3 view .LVU21
 104              	.LBB5:
 105              		.loc 1 52 3 view .LVU22
 106 0050 0494     		str	r4, [sp, #16]
 107              		.loc 1 52 3 view .LVU23
 108 0052 1A6B     		ldr	r2, [r3, #48]
 109 0054 42F00102 		orr	r2, r2, #1
 110 0058 1A63     		str	r2, [r3, #48]
 111              		.loc 1 52 3 view .LVU24
 112 005a 1A6B     		ldr	r2, [r3, #48]
 113 005c 02F00102 		and	r2, r2, #1
 114 0060 0492     		str	r2, [sp, #16]
 115              		.loc 1 52 3 view .LVU25
 116 0062 049A     		ldr	r2, [sp, #16]
 117              	.LBE5:
 118              		.loc 1 52 3 view .LVU26
  53:Core/Src/gpio.c ****   __HAL_RCC_GPIOB_CLK_ENABLE();
 119              		.loc 1 53 3 view .LVU27
ARM GAS  /tmp/ccAeRvNs.s 			page 4


 120              	.LBB6:
 121              		.loc 1 53 3 view .LVU28
 122 0064 0594     		str	r4, [sp, #20]
 123              		.loc 1 53 3 view .LVU29
 124 0066 1A6B     		ldr	r2, [r3, #48]
 125 0068 42F00202 		orr	r2, r2, #2
 126 006c 1A63     		str	r2, [r3, #48]
 127              		.loc 1 53 3 view .LVU30
 128 006e 1A6B     		ldr	r2, [r3, #48]
 129 0070 02F00202 		and	r2, r2, #2
 130 0074 0592     		str	r2, [sp, #20]
 131              		.loc 1 53 3 view .LVU31
 132 0076 059A     		ldr	r2, [sp, #20]
 133              	.LBE6:
 134              		.loc 1 53 3 view .LVU32
  54:Core/Src/gpio.c ****   __HAL_RCC_GPIOD_CLK_ENABLE();
 135              		.loc 1 54 3 view .LVU33
 136              	.LBB7:
 137              		.loc 1 54 3 view .LVU34
 138 0078 0694     		str	r4, [sp, #24]
 139              		.loc 1 54 3 view .LVU35
 140 007a 1A6B     		ldr	r2, [r3, #48]
 141 007c 42F00802 		orr	r2, r2, #8
 142 0080 1A63     		str	r2, [r3, #48]
 143              		.loc 1 54 3 view .LVU36
 144 0082 1B6B     		ldr	r3, [r3, #48]
 145 0084 03F00803 		and	r3, r3, #8
 146 0088 0693     		str	r3, [sp, #24]
 147              		.loc 1 54 3 view .LVU37
 148 008a 069B     		ldr	r3, [sp, #24]
 149              	.LBE7:
 150              		.loc 1 54 3 view .LVU38
  55:Core/Src/gpio.c **** 
  56:Core/Src/gpio.c ****   /*Configure GPIO pin Output Level */
  57:Core/Src/gpio.c ****   HAL_GPIO_WritePin(CS_I2C_SPI_GPIO_Port, CS_I2C_SPI_Pin, GPIO_PIN_RESET);
 151              		.loc 1 57 3 view .LVU39
 152 008c 404F     		ldr	r7, .L3+4
 153 008e 2246     		mov	r2, r4
 154 0090 0821     		movs	r1, #8
 155 0092 3846     		mov	r0, r7
 156 0094 FFF7FEFF 		bl	HAL_GPIO_WritePin
 157              	.LVL0:
  58:Core/Src/gpio.c **** 
  59:Core/Src/gpio.c ****   /*Configure GPIO pin Output Level */
  60:Core/Src/gpio.c ****   HAL_GPIO_WritePin(OTG_FS_PowerSwitchOn_GPIO_Port, OTG_FS_PowerSwitchOn_Pin, GPIO_PIN_SET);
 158              		.loc 1 60 3 view .LVU40
 159 0098 DFF80091 		ldr	r9, .L3+16
 160 009c 0122     		movs	r2, #1
 161 009e 1146     		mov	r1, r2
 162 00a0 4846     		mov	r0, r9
 163 00a2 FFF7FEFF 		bl	HAL_GPIO_WritePin
 164              	.LVL1:
  61:Core/Src/gpio.c **** 
  62:Core/Src/gpio.c ****   /*Configure GPIO pin Output Level */
  63:Core/Src/gpio.c ****   HAL_GPIO_WritePin(GPIOD, LD4_Pin|LD3_Pin|LD5_Pin|LD6_Pin, GPIO_PIN_RESET);
 165              		.loc 1 63 3 view .LVU41
 166 00a6 DFF8F880 		ldr	r8, .L3+20
ARM GAS  /tmp/ccAeRvNs.s 			page 5


 167 00aa 2246     		mov	r2, r4
 168 00ac 4FF47041 		mov	r1, #61440
 169 00b0 4046     		mov	r0, r8
 170 00b2 FFF7FEFF 		bl	HAL_GPIO_WritePin
 171              	.LVL2:
  64:Core/Src/gpio.c **** 
  65:Core/Src/gpio.c ****   /*Configure GPIO pins : PE2 PE4 PE5 PE6
  66:Core/Src/gpio.c ****                            PE7 PE8 PE9 PE10
  67:Core/Src/gpio.c ****                            PE11 PE12 PE13 PE14
  68:Core/Src/gpio.c ****                            PE15 PE0 */
  69:Core/Src/gpio.c ****   GPIO_InitStruct.Pin = GPIO_PIN_2|GPIO_PIN_4|GPIO_PIN_5|GPIO_PIN_6
 172              		.loc 1 69 3 view .LVU42
 173              		.loc 1 69 23 is_stmt 0 view .LVU43
 174 00b6 4FF6F573 		movw	r3, #65525
 175 00ba 0793     		str	r3, [sp, #28]
  70:Core/Src/gpio.c ****                           |GPIO_PIN_7|GPIO_PIN_8|GPIO_PIN_9|GPIO_PIN_10
  71:Core/Src/gpio.c ****                           |GPIO_PIN_11|GPIO_PIN_12|GPIO_PIN_13|GPIO_PIN_14
  72:Core/Src/gpio.c ****                           |GPIO_PIN_15|GPIO_PIN_0;
  73:Core/Src/gpio.c ****   GPIO_InitStruct.Mode = GPIO_MODE_ANALOG;
 176              		.loc 1 73 3 is_stmt 1 view .LVU44
 177              		.loc 1 73 24 is_stmt 0 view .LVU45
 178 00bc 0326     		movs	r6, #3
 179 00be 0896     		str	r6, [sp, #32]
  74:Core/Src/gpio.c ****   GPIO_InitStruct.Pull = GPIO_NOPULL;
 180              		.loc 1 74 3 is_stmt 1 view .LVU46
 181              		.loc 1 74 24 is_stmt 0 view .LVU47
 182 00c0 0994     		str	r4, [sp, #36]
  75:Core/Src/gpio.c ****   HAL_GPIO_Init(GPIOE, &GPIO_InitStruct);
 183              		.loc 1 75 3 is_stmt 1 view .LVU48
 184 00c2 07A9     		add	r1, sp, #28
 185 00c4 3846     		mov	r0, r7
 186 00c6 FFF7FEFF 		bl	HAL_GPIO_Init
 187              	.LVL3:
  76:Core/Src/gpio.c **** 
  77:Core/Src/gpio.c ****   /*Configure GPIO pin : PtPin */
  78:Core/Src/gpio.c ****   GPIO_InitStruct.Pin = CS_I2C_SPI_Pin;
 188              		.loc 1 78 3 view .LVU49
 189              		.loc 1 78 23 is_stmt 0 view .LVU50
 190 00ca 0823     		movs	r3, #8
 191 00cc 0793     		str	r3, [sp, #28]
  79:Core/Src/gpio.c ****   GPIO_InitStruct.Mode = GPIO_MODE_OUTPUT_PP;
 192              		.loc 1 79 3 is_stmt 1 view .LVU51
 193              		.loc 1 79 24 is_stmt 0 view .LVU52
 194 00ce 0125     		movs	r5, #1
 195 00d0 0895     		str	r5, [sp, #32]
  80:Core/Src/gpio.c ****   GPIO_InitStruct.Pull = GPIO_NOPULL;
 196              		.loc 1 80 3 is_stmt 1 view .LVU53
 197              		.loc 1 80 24 is_stmt 0 view .LVU54
 198 00d2 0994     		str	r4, [sp, #36]
  81:Core/Src/gpio.c ****   GPIO_InitStruct.Speed = GPIO_SPEED_FREQ_LOW;
 199              		.loc 1 81 3 is_stmt 1 view .LVU55
 200              		.loc 1 81 25 is_stmt 0 view .LVU56
 201 00d4 0A94     		str	r4, [sp, #40]
  82:Core/Src/gpio.c ****   HAL_GPIO_Init(CS_I2C_SPI_GPIO_Port, &GPIO_InitStruct);
 202              		.loc 1 82 3 is_stmt 1 view .LVU57
 203 00d6 07A9     		add	r1, sp, #28
 204 00d8 3846     		mov	r0, r7
ARM GAS  /tmp/ccAeRvNs.s 			page 6


 205 00da FFF7FEFF 		bl	HAL_GPIO_Init
 206              	.LVL4:
  83:Core/Src/gpio.c **** 
  84:Core/Src/gpio.c ****   /*Configure GPIO pins : PC13 PC14 PC15 PC1
  85:Core/Src/gpio.c ****                            PC2 PC3 PC4 PC5
  86:Core/Src/gpio.c ****                            PC6 PC7 PC8 PC9
  87:Core/Src/gpio.c ****                            PC10 PC11 PC12 */
  88:Core/Src/gpio.c ****   GPIO_InitStruct.Pin = GPIO_PIN_13|GPIO_PIN_14|GPIO_PIN_15|GPIO_PIN_1
 207              		.loc 1 88 3 view .LVU58
 208              		.loc 1 88 23 is_stmt 0 view .LVU59
 209 00de 4FF6FE73 		movw	r3, #65534
 210 00e2 0793     		str	r3, [sp, #28]
  89:Core/Src/gpio.c ****                           |GPIO_PIN_2|GPIO_PIN_3|GPIO_PIN_4|GPIO_PIN_5
  90:Core/Src/gpio.c ****                           |GPIO_PIN_6|GPIO_PIN_7|GPIO_PIN_8|GPIO_PIN_9
  91:Core/Src/gpio.c ****                           |GPIO_PIN_10|GPIO_PIN_11|GPIO_PIN_12;
  92:Core/Src/gpio.c ****   GPIO_InitStruct.Mode = GPIO_MODE_ANALOG;
 211              		.loc 1 92 3 is_stmt 1 view .LVU60
 212              		.loc 1 92 24 is_stmt 0 view .LVU61
 213 00e4 0896     		str	r6, [sp, #32]
  93:Core/Src/gpio.c ****   GPIO_InitStruct.Pull = GPIO_NOPULL;
 214              		.loc 1 93 3 is_stmt 1 view .LVU62
 215              		.loc 1 93 24 is_stmt 0 view .LVU63
 216 00e6 0994     		str	r4, [sp, #36]
  94:Core/Src/gpio.c ****   HAL_GPIO_Init(GPIOC, &GPIO_InitStruct);
 217              		.loc 1 94 3 is_stmt 1 view .LVU64
 218 00e8 07A9     		add	r1, sp, #28
 219 00ea 4846     		mov	r0, r9
 220 00ec FFF7FEFF 		bl	HAL_GPIO_Init
 221              	.LVL5:
  95:Core/Src/gpio.c **** 
  96:Core/Src/gpio.c ****   /*Configure GPIO pin : PtPin */
  97:Core/Src/gpio.c ****   GPIO_InitStruct.Pin = OTG_FS_PowerSwitchOn_Pin;
 222              		.loc 1 97 3 view .LVU65
 223              		.loc 1 97 23 is_stmt 0 view .LVU66
 224 00f0 0795     		str	r5, [sp, #28]
  98:Core/Src/gpio.c ****   GPIO_InitStruct.Mode = GPIO_MODE_OUTPUT_PP;
 225              		.loc 1 98 3 is_stmt 1 view .LVU67
 226              		.loc 1 98 24 is_stmt 0 view .LVU68
 227 00f2 0895     		str	r5, [sp, #32]
  99:Core/Src/gpio.c ****   GPIO_InitStruct.Pull = GPIO_NOPULL;
 228              		.loc 1 99 3 is_stmt 1 view .LVU69
 229              		.loc 1 99 24 is_stmt 0 view .LVU70
 230 00f4 0994     		str	r4, [sp, #36]
 100:Core/Src/gpio.c ****   GPIO_InitStruct.Speed = GPIO_SPEED_FREQ_LOW;
 231              		.loc 1 100 3 is_stmt 1 view .LVU71
 232              		.loc 1 100 25 is_stmt 0 view .LVU72
 233 00f6 0A94     		str	r4, [sp, #40]
 101:Core/Src/gpio.c ****   HAL_GPIO_Init(OTG_FS_PowerSwitchOn_GPIO_Port, &GPIO_InitStruct);
 234              		.loc 1 101 3 is_stmt 1 view .LVU73
 235 00f8 07A9     		add	r1, sp, #28
 236 00fa 4846     		mov	r0, r9
 237 00fc FFF7FEFF 		bl	HAL_GPIO_Init
 238              	.LVL6:
 102:Core/Src/gpio.c **** 
 103:Core/Src/gpio.c ****   /*Configure GPIO pin : PtPin */
 104:Core/Src/gpio.c ****   GPIO_InitStruct.Pin = B1_Pin;
 239              		.loc 1 104 3 view .LVU74
ARM GAS  /tmp/ccAeRvNs.s 			page 7


 240              		.loc 1 104 23 is_stmt 0 view .LVU75
 241 0100 0795     		str	r5, [sp, #28]
 105:Core/Src/gpio.c ****   GPIO_InitStruct.Mode = GPIO_MODE_IT_RISING;
 242              		.loc 1 105 3 is_stmt 1 view .LVU76
 243              		.loc 1 105 24 is_stmt 0 view .LVU77
 244 0102 244B     		ldr	r3, .L3+8
 245 0104 0893     		str	r3, [sp, #32]
 106:Core/Src/gpio.c ****   GPIO_InitStruct.Pull = GPIO_NOPULL;
 246              		.loc 1 106 3 is_stmt 1 view .LVU78
 247              		.loc 1 106 24 is_stmt 0 view .LVU79
 248 0106 0994     		str	r4, [sp, #36]
 107:Core/Src/gpio.c ****   HAL_GPIO_Init(B1_GPIO_Port, &GPIO_InitStruct);
 249              		.loc 1 107 3 is_stmt 1 view .LVU80
 250 0108 A9F50069 		sub	r9, r9, #2048
 251 010c 07A9     		add	r1, sp, #28
 252 010e 4846     		mov	r0, r9
 253 0110 FFF7FEFF 		bl	HAL_GPIO_Init
 254              	.LVL7:
 108:Core/Src/gpio.c **** 
 109:Core/Src/gpio.c ****   /*Configure GPIO pins : PA1 PA2 PA3 PA4
 110:Core/Src/gpio.c ****                            PA5 PA6 PA7 PA8
 111:Core/Src/gpio.c ****                            PA9 PA10 PA11 PA12 */
 112:Core/Src/gpio.c ****   GPIO_InitStruct.Pin = GPIO_PIN_1|GPIO_PIN_2|GPIO_PIN_3|GPIO_PIN_4
 255              		.loc 1 112 3 view .LVU81
 256              		.loc 1 112 23 is_stmt 0 view .LVU82
 257 0114 41F6FE73 		movw	r3, #8190
 258 0118 0793     		str	r3, [sp, #28]
 113:Core/Src/gpio.c ****                           |GPIO_PIN_5|GPIO_PIN_6|GPIO_PIN_7|GPIO_PIN_8
 114:Core/Src/gpio.c ****                           |GPIO_PIN_9|GPIO_PIN_10|GPIO_PIN_11|GPIO_PIN_12;
 115:Core/Src/gpio.c ****   GPIO_InitStruct.Mode = GPIO_MODE_ANALOG;
 259              		.loc 1 115 3 is_stmt 1 view .LVU83
 260              		.loc 1 115 24 is_stmt 0 view .LVU84
 261 011a 0896     		str	r6, [sp, #32]
 116:Core/Src/gpio.c ****   GPIO_InitStruct.Pull = GPIO_NOPULL;
 262              		.loc 1 116 3 is_stmt 1 view .LVU85
 263              		.loc 1 116 24 is_stmt 0 view .LVU86
 264 011c 0994     		str	r4, [sp, #36]
 117:Core/Src/gpio.c ****   HAL_GPIO_Init(GPIOA, &GPIO_InitStruct);
 265              		.loc 1 117 3 is_stmt 1 view .LVU87
 266 011e 07A9     		add	r1, sp, #28
 267 0120 4846     		mov	r0, r9
 268 0122 FFF7FEFF 		bl	HAL_GPIO_Init
 269              	.LVL8:
 118:Core/Src/gpio.c **** 
 119:Core/Src/gpio.c ****   /*Configure GPIO pins : PB0 PB1 PB10 PB11
 120:Core/Src/gpio.c ****                            PB12 PB13 PB14 PB15
 121:Core/Src/gpio.c ****                            PB5 PB6 PB7 PB8
 122:Core/Src/gpio.c ****                            PB9 */
 123:Core/Src/gpio.c ****   GPIO_InitStruct.Pin = GPIO_PIN_0|GPIO_PIN_1|GPIO_PIN_10|GPIO_PIN_11
 270              		.loc 1 123 3 view .LVU88
 271              		.loc 1 123 23 is_stmt 0 view .LVU89
 272 0126 4FF6E373 		movw	r3, #65507
 273 012a 0793     		str	r3, [sp, #28]
 124:Core/Src/gpio.c ****                           |GPIO_PIN_12|GPIO_PIN_13|GPIO_PIN_14|GPIO_PIN_15
 125:Core/Src/gpio.c ****                           |GPIO_PIN_5|GPIO_PIN_6|GPIO_PIN_7|GPIO_PIN_8
 126:Core/Src/gpio.c ****                           |GPIO_PIN_9;
 127:Core/Src/gpio.c ****   GPIO_InitStruct.Mode = GPIO_MODE_ANALOG;
ARM GAS  /tmp/ccAeRvNs.s 			page 8


 274              		.loc 1 127 3 is_stmt 1 view .LVU90
 275              		.loc 1 127 24 is_stmt 0 view .LVU91
 276 012c 0896     		str	r6, [sp, #32]
 128:Core/Src/gpio.c ****   GPIO_InitStruct.Pull = GPIO_NOPULL;
 277              		.loc 1 128 3 is_stmt 1 view .LVU92
 278              		.loc 1 128 24 is_stmt 0 view .LVU93
 279 012e 0994     		str	r4, [sp, #36]
 129:Core/Src/gpio.c ****   HAL_GPIO_Init(GPIOB, &GPIO_InitStruct);
 280              		.loc 1 129 3 is_stmt 1 view .LVU94
 281 0130 09F58069 		add	r9, r9, #1024
 282 0134 07A9     		add	r1, sp, #28
 283 0136 4846     		mov	r0, r9
 284 0138 FFF7FEFF 		bl	HAL_GPIO_Init
 285              	.LVL9:
 130:Core/Src/gpio.c **** 
 131:Core/Src/gpio.c ****   /*Configure GPIO pin : PtPin */
 132:Core/Src/gpio.c ****   GPIO_InitStruct.Pin = BOOT1_Pin;
 286              		.loc 1 132 3 view .LVU95
 287              		.loc 1 132 23 is_stmt 0 view .LVU96
 288 013c 0423     		movs	r3, #4
 289 013e 0793     		str	r3, [sp, #28]
 133:Core/Src/gpio.c ****   GPIO_InitStruct.Mode = GPIO_MODE_INPUT;
 290              		.loc 1 133 3 is_stmt 1 view .LVU97
 291              		.loc 1 133 24 is_stmt 0 view .LVU98
 292 0140 0894     		str	r4, [sp, #32]
 134:Core/Src/gpio.c ****   GPIO_InitStruct.Pull = GPIO_NOPULL;
 293              		.loc 1 134 3 is_stmt 1 view .LVU99
 294              		.loc 1 134 24 is_stmt 0 view .LVU100
 295 0142 0994     		str	r4, [sp, #36]
 135:Core/Src/gpio.c ****   HAL_GPIO_Init(BOOT1_GPIO_Port, &GPIO_InitStruct);
 296              		.loc 1 135 3 is_stmt 1 view .LVU101
 297 0144 07A9     		add	r1, sp, #28
 298 0146 4846     		mov	r0, r9
 299 0148 FFF7FEFF 		bl	HAL_GPIO_Init
 300              	.LVL10:
 136:Core/Src/gpio.c **** 
 137:Core/Src/gpio.c ****   /*Configure GPIO pins : PD8 PD9 PD10 PD11
 138:Core/Src/gpio.c ****                            PD0 PD1 PD2 PD3
 139:Core/Src/gpio.c ****                            PD4 PD5 PD6 PD7 */
 140:Core/Src/gpio.c ****   GPIO_InitStruct.Pin = GPIO_PIN_8|GPIO_PIN_9|GPIO_PIN_10|GPIO_PIN_11
 301              		.loc 1 140 3 view .LVU102
 302              		.loc 1 140 23 is_stmt 0 view .LVU103
 303 014c 40F6FF73 		movw	r3, #4095
 304 0150 0793     		str	r3, [sp, #28]
 141:Core/Src/gpio.c ****                           |GPIO_PIN_0|GPIO_PIN_1|GPIO_PIN_2|GPIO_PIN_3
 142:Core/Src/gpio.c ****                           |GPIO_PIN_4|GPIO_PIN_5|GPIO_PIN_6|GPIO_PIN_7;
 143:Core/Src/gpio.c ****   GPIO_InitStruct.Mode = GPIO_MODE_ANALOG;
 305              		.loc 1 143 3 is_stmt 1 view .LVU104
 306              		.loc 1 143 24 is_stmt 0 view .LVU105
 307 0152 0896     		str	r6, [sp, #32]
 144:Core/Src/gpio.c ****   GPIO_InitStruct.Pull = GPIO_NOPULL;
 308              		.loc 1 144 3 is_stmt 1 view .LVU106
 309              		.loc 1 144 24 is_stmt 0 view .LVU107
 310 0154 0994     		str	r4, [sp, #36]
 145:Core/Src/gpio.c ****   HAL_GPIO_Init(GPIOD, &GPIO_InitStruct);
 311              		.loc 1 145 3 is_stmt 1 view .LVU108
 312 0156 07A9     		add	r1, sp, #28
ARM GAS  /tmp/ccAeRvNs.s 			page 9


 313 0158 4046     		mov	r0, r8
 314 015a FFF7FEFF 		bl	HAL_GPIO_Init
 315              	.LVL11:
 146:Core/Src/gpio.c **** 
 147:Core/Src/gpio.c ****   /*Configure GPIO pins : PDPin PDPin PDPin PDPin */
 148:Core/Src/gpio.c ****   GPIO_InitStruct.Pin = LD4_Pin|LD3_Pin|LD5_Pin|LD6_Pin;
 316              		.loc 1 148 3 view .LVU109
 317              		.loc 1 148 23 is_stmt 0 view .LVU110
 318 015e 4FF47043 		mov	r3, #61440
 319 0162 0793     		str	r3, [sp, #28]
 149:Core/Src/gpio.c ****   GPIO_InitStruct.Mode = GPIO_MODE_OUTPUT_PP;
 320              		.loc 1 149 3 is_stmt 1 view .LVU111
 321              		.loc 1 149 24 is_stmt 0 view .LVU112
 322 0164 0895     		str	r5, [sp, #32]
 150:Core/Src/gpio.c ****   GPIO_InitStruct.Pull = GPIO_NOPULL;
 323              		.loc 1 150 3 is_stmt 1 view .LVU113
 324              		.loc 1 150 24 is_stmt 0 view .LVU114
 325 0166 0994     		str	r4, [sp, #36]
 151:Core/Src/gpio.c ****   GPIO_InitStruct.Speed = GPIO_SPEED_FREQ_LOW;
 326              		.loc 1 151 3 is_stmt 1 view .LVU115
 327              		.loc 1 151 25 is_stmt 0 view .LVU116
 328 0168 0A94     		str	r4, [sp, #40]
 152:Core/Src/gpio.c ****   HAL_GPIO_Init(GPIOD, &GPIO_InitStruct);
 329              		.loc 1 152 3 is_stmt 1 view .LVU117
 330 016a 07A9     		add	r1, sp, #28
 331 016c 4046     		mov	r0, r8
 332 016e FFF7FEFF 		bl	HAL_GPIO_Init
 333              	.LVL12:
 153:Core/Src/gpio.c **** 
 154:Core/Src/gpio.c ****   /*Configure GPIO pin : PtPin */
 155:Core/Src/gpio.c ****   GPIO_InitStruct.Pin = MEMS_INT2_Pin;
 334              		.loc 1 155 3 view .LVU118
 335              		.loc 1 155 23 is_stmt 0 view .LVU119
 336 0172 0223     		movs	r3, #2
 337 0174 0793     		str	r3, [sp, #28]
 156:Core/Src/gpio.c ****   GPIO_InitStruct.Mode = GPIO_MODE_EVT_RISING;
 338              		.loc 1 156 3 is_stmt 1 view .LVU120
 339              		.loc 1 156 24 is_stmt 0 view .LVU121
 340 0176 084B     		ldr	r3, .L3+12
 341 0178 0893     		str	r3, [sp, #32]
 157:Core/Src/gpio.c ****   GPIO_InitStruct.Pull = GPIO_NOPULL;
 342              		.loc 1 157 3 is_stmt 1 view .LVU122
 343              		.loc 1 157 24 is_stmt 0 view .LVU123
 344 017a 0994     		str	r4, [sp, #36]
 158:Core/Src/gpio.c ****   HAL_GPIO_Init(MEMS_INT2_GPIO_Port, &GPIO_InitStruct);
 345              		.loc 1 158 3 is_stmt 1 view .LVU124
 346 017c 07A9     		add	r1, sp, #28
 347 017e 3846     		mov	r0, r7
 348 0180 FFF7FEFF 		bl	HAL_GPIO_Init
 349              	.LVL13:
 159:Core/Src/gpio.c **** 
 160:Core/Src/gpio.c **** }
 350              		.loc 1 160 1 is_stmt 0 view .LVU125
 351 0184 0DB0     		add	sp, sp, #52
 352              	.LCFI2:
 353              		.cfi_def_cfa_offset 28
 354              		@ sp needed
ARM GAS  /tmp/ccAeRvNs.s 			page 10


 355 0186 BDE8F083 		pop	{r4, r5, r6, r7, r8, r9, pc}
 356              	.L4:
 357 018a 00BF     		.align	2
 358              	.L3:
 359 018c 00380240 		.word	1073887232
 360 0190 00100240 		.word	1073876992
 361 0194 00001110 		.word	269549568
 362 0198 00001210 		.word	269615104
 363 019c 00080240 		.word	1073874944
 364 01a0 000C0240 		.word	1073875968
 365              		.cfi_endproc
 366              	.LFE130:
 368              		.text
 369              	.Letext0:
 370              		.file 2 "/usr/lib/gcc/arm-none-eabi/9.2.1/include/stdint.h"
 371              		.file 3 "Drivers/CMSIS/Include/core_cm4.h"
 372              		.file 4 "Drivers/CMSIS/Device/ST/STM32F4xx/Include/system_stm32f4xx.h"
 373              		.file 5 "Drivers/CMSIS/Device/ST/STM32F4xx/Include/stm32f407xx.h"
 374              		.file 6 "Drivers/STM32F4xx_HAL_Driver/Inc/stm32f4xx_hal_gpio.h"
 375              		.file 7 "Drivers/STM32F4xx_HAL_Driver/Inc/stm32f4xx_hal.h"
ARM GAS  /tmp/ccAeRvNs.s 			page 11


DEFINED SYMBOLS
                            *ABS*:0000000000000000 gpio.c
     /tmp/ccAeRvNs.s:18     .text.MX_GPIO_Init:0000000000000000 $t
     /tmp/ccAeRvNs.s:26     .text.MX_GPIO_Init:0000000000000000 MX_GPIO_Init
     /tmp/ccAeRvNs.s:359    .text.MX_GPIO_Init:000000000000018c $d

UNDEFINED SYMBOLS
HAL_GPIO_WritePin
HAL_GPIO_Init
